<?xml version="1.0" encoding="UTF-8"?>
<testsuite name="logicTests.WordCounterTest" tests="5" skipped="0" failures="0" errors="0" timestamp="2022-01-28T12:07:00" hostname="LEGION" time="0.039">
  <properties/>
  <testcase name="sameLengthCharsDifferentLettersSameTrees()" classname="logicTests.WordCounterTest" time="0.029"/>
  <testcase name="noExtraLetters()" classname="logicTests.WordCounterTest" time="0.003"/>
  <testcase name="mostLettersWithLeastBinary()" classname="logicTests.WordCounterTest" time="0.002"/>
  <testcase name="DifferentLengthTextDifferentLettersSameTrees()" classname="logicTests.WordCounterTest" time="0.003"/>
  <testcase name="mostLettersWithMostBinary()" classname="logicTests.WordCounterTest" time="0.001"/>
  <system-out><![CDATA[]]></system-out>
  <system-err><![CDATA[]]></system-err>
</testsuite>
